<?xml version="1.0" encoding="UTF-8"?>
<testsuite xmlns:xsi="http://www.w3.org/2001/XMLSchema-instance" xsi:noNamespaceSchemaLocation="https://maven.apache.org/surefire/maven-surefire-plugin/xsd/surefire-test-report-3.0.xsd" version="3.0" name="mani.demo.mani_dev.ManiDevApplicationTests" time="8.777" tests="1" errors="0" skipped="0" failures="0">
  <properties>
[...]
</properties>
  <testcase name="contextLoads" classname="mani.demo.mani_dev.ManiDevApplicationTests" time="2.35">
    <system-out><![CDATA[13:37:08.542 [main] INFO org.springframework.test.context.support.AnnotationConfigContextLoaderUtils -- Could not detect default configuration classes for test class [mani.demo.mani_dev.ManiDevApplicationTests]: ManiDevApplicationTests does not declare any static, non-private, non-final, nested classes annotated with @Configuration.
13:37:09.043 [main] INFO org.springframework.boot.test.context.SpringBootTestContextBootstrapper -- Found @SpringBootConfiguration mani.demo.mani_dev.ManiDevApplication for test class mani.demo.mani_dev.ManiDevApplicationTests

  .   ____          _            __ _ _
 /\\ / ___'_ __ _ _(_)_ __  __ _ \ \ \ \
( ( )\___ | '_ | '_| | '_ \/ _` | \ \ \ \
 \\/  ___)| |_)| | | | | || (_| |  ) ) ) )
  '  |____| .__|_| |_|_| |_\__, | / / / /
 =========|_|==============|___/=/_/_/_/
 :: Spring Boot ::                (v3.2.7)

2024-06-26T13:37:10.537+05:30  INFO 12244 --- [mani-dev] [           main] m.demo.mani_dev.ManiDevApplicationTests  : Starting ManiDevApplicationTests using Java 21.0.3 with PID 12244 (started by mani in C:\Users\mani\Desktop\@@@@DEVOPS\PHASE1 TRAINING\@done\module7-maven\mani-dev\mani-dev)
2024-06-26T13:37:10.540+05:30  INFO 12244 --- [mani-dev] [           main] m.demo.mani_dev.ManiDevApplicationTests  : No active profile set, falling back to 1 default profile: "default"
2024-06-26T13:37:13.040+05:30  INFO 12244 --- [mani-dev] [           main] o.s.b.a.w.s.WelcomePageHandlerMapping    : Adding welcome page: class path resource [static/index.html]
2024-06-26T13:37:14.337+05:30  INFO 12244 --- [mani-dev] [           main] m.demo.mani_dev.ManiDevApplicationTests  : Started ManiDevApplicationTests in 4.833 seconds (process running for 8.147)
]]></system-out>
    <system-err><![CDATA[WARNING: A Java agent has been loaded dynamically (C:\Users\mani\.m2\repository\net\bytebuddy\byte-buddy-agent\1.14.17\byte-buddy-agent-1.14.17.jar)
WARNING: If a serviceability tool is in use, please run with -XX:+EnableDynamicAgentLoading to hide this warning
WARNING: If a serviceability tool is not in use, please run with -Djdk.instrument.traceUsage for more information
WARNING: Dynamic loading of agents will be disallowed by default in a future release
]]></system-err>
  </testcase>
</testsuite>